#
# A fatal error has been detected by the Java Runtime Environment:
#
#  EXCEPTION_ACCESS_VIOLATION (0xc0000005) at pc=0x0000000070366de8, pid=15768, tid=0x00000000000040ec
#
# JRE version: Java(TM) SE Runtime Environment (8.0_152-b16) (build 1.8.0_152-b16)
# Java VM: Java HotSpot(TM) 64-Bit Server VM (25.152-b16 mixed mode windows-amd64 compressed oops)
# Problematic frame:
# V  [jvm.dll+0xf6de8]
#
# Failed to write core dump. Minidumps are not enabled by default on client versions of Windows
#
# If you would like to submit a bug report, please visit:
#   http://bugreport.java.com/bugreport/crash.jsp
#

---------------  T H R E A D  ---------------

Current thread (0x00000000096e2800):  VMThread [stack: 0x000000000a7c0000,0x000000000a8c0000] [id=16620]

siginfo: ExceptionCode=0xc0000005, reading address 0x0000000061c9a828

Registers:
RAX=0x00000000001fffe0, RBX=0x000000000000ffff, RCX=0x0000000061a99c00, RDX=0x0000000061a9a838
RSP=0x000000000a8bf3b0, RBP=0x000000000a8bf4e0, RSI=0x000000000000ffff, RDI=0x0000000061a99c00
R8 =0x00000000084a4c70, R9 =0x0000000000000003, R10=0x0000000000000003, R11=0x0000000061a9a099
R12=0x000000000a8bf570, R13=0x000000000a8bf560, R14=0x0000000000000000, R15=0x0000000000000010
RIP=0x0000000070366de8, EFLAGS=0x0000000000010202

Top of Stack: (sp=0x000000000a8bf3b0)
0x000000000a8bf3b0:   00000000000000b4 000000000a8bf4e0
0x000000000a8bf3c0:   00000000000000b4 000000007755dd48
0x000000000a8bf3d0:   0000000000000003 0000000070444500
0x000000000a8bf3e0:   00000000000000b4 00000000000000b4
0x000000000a8bf3f0:   000000000c3c9b10 000000000c3ce888
0x000000000a8bf400:   0000000000000000 000000000c3c68a0
0x000000000a8bf410:   000000000f931808 000000000f9309c2
0x000000000a8bf420:   000090a84320fc9e 000000000f930810
0x000000000a8bf430:   000000000f0561a0 000000000c3c9b10
0x000000000a8bf440:   0000000000000000 00000000703014d4
0x000000000a8bf450:   000000000f930b60 0000000000000000
0x000000000a8bf460:   0000000000000000 000000000f930b60
0x000000000a8bf470:   0000000000020338 0000000070301935
0x000000000a8bf480:   000000000c3c9b10 000000000c3ce888
0x000000000a8bf490:   000000000c3c9b10 000000007030f19e
0x000000000a8bf4a0:   000090a84320fb00 0000000066d68d17 

Instructions: (pc=0x0000000070366de8)
0x0000000070366dc8:   00 ba d9 01 00 00 e8 ed ef 17 00 e8 48 fd 19 00
0x0000000070366dd8:   48 8b 57 10 48 85 d2 74 0f 48 8b c3 48 c1 e0 05
0x0000000070366de8:   48 8b 44 10 10 0f b7 d8 48 63 c3 0f b7 44 c7 50
0x0000000070366df8:   48 8b 44 c7 50 48 89 44 24 30 f6 d0 48 8b 4c 24 


Register to memory mapping:

RAX=0x00000000001fffe0 is an unknown value
RBX=0x000000000000ffff is an unknown value
RCX=0x0000000061a99c00 is pointing into metadata
RDX=0x0000000061a9a838 is pointing into metadata
RSP=0x000000000a8bf3b0 is an unknown value
RBP=0x000000000a8bf4e0 is an unknown value
RSI=0x000000000000ffff is an unknown value
RDI=0x0000000061a99c00 is pointing into metadata
R8 =0x00000000084a4c70 is an unknown value
R9 =0x0000000000000003 is an unknown value
R10=0x0000000000000003 is an unknown value
R11=0x0000000061a9a099 is pointing into metadata
R12=0x000000000a8bf570 is an unknown value
R13=0x000000000a8bf560 is an unknown value
R14=0x0000000000000000 is an unknown value
R15=0x0000000000000010 is an unknown value


Stack: [0x000000000a7c0000,0x000000000a8c0000],  sp=0x000000000a8bf3b0,  free space=1020k
Native frames: (J=compiled Java code, j=interpreted, Vv=VM code, C=native code)
V  [jvm.dll+0xf6de8]
V  [jvm.dll+0x1d4500]
V  [jvm.dll+0x1d5452]
V  [jvm.dll+0x1c2bf6]
V  [jvm.dll+0x1c7fc9]
V  [jvm.dll+0x1c853b]
V  [jvm.dll+0x24c3d7]
V  [jvm.dll+0x24b676]
V  [jvm.dll+0x24bb11]
V  [jvm.dll+0x24bd2e]
V  [jvm.dll+0x29d0ba]
C  [msvcr100.dll+0x21d9f]
C  [msvcr100.dll+0x21e3b]
C  [kernel32.dll+0x159cd]
C  [ntdll.dll+0x2a561]

VM_Operation (0x000000000b64f120): RedefineClasses, mode: safepoint, requested by thread 0x000000000976b000, redefining class com.enze.ep.controller.IndexController



---------------  P R O C E S S  ---------------

Java Threads: ( => current thread )
  0x000000000d952800 JavaThread "logback-6" daemon [_thread_blocked, id=17128, stack(0x0000000061d40000,0x0000000061e40000)]
  0x000000000d916800 JavaThread "logback-5" daemon [_thread_blocked, id=17084, stack(0x0000000061920000,0x0000000061a20000)]
  0x000000000d916000 JavaThread "logback-4" daemon [_thread_blocked, id=16984, stack(0x000000000eea0000,0x000000000efa0000)]
  0x000000000d915000 JavaThread "DestroyJavaVM" [_thread_blocked, id=16612, stack(0x0000000002320000,0x0000000002420000)]
  0x000000000d914800 JavaThread "http-nio-8099-AsyncTimeout" daemon [_thread_blocked, id=17004, stack(0x00000000617d0000,0x00000000618d0000)]
  0x000000000d913800 JavaThread "http-nio-8099-Acceptor-0" daemon [_thread_in_native, id=13368, stack(0x0000000061620000,0x0000000061720000)]
  0x000000000d913000 JavaThread "http-nio-8099-ClientPoller-1" daemon [_thread_in_native, id=17000, stack(0x0000000061460000,0x0000000061560000)]
  0x000000000d912000 JavaThread "http-nio-8099-ClientPoller-0" daemon [_thread_in_native, id=17008, stack(0x0000000061290000,0x0000000061390000)]
  0x000000000d911800 JavaThread "http-nio-8099-exec-10" daemon [_thread_blocked, id=17076, stack(0x0000000061030000,0x0000000061130000)]
  0x000000000d910800 JavaThread "http-nio-8099-exec-9" daemon [_thread_blocked, id=15540, stack(0x0000000060b30000,0x0000000060c30000)]
  0x000000000d910000 JavaThread "http-nio-8099-exec-8" daemon [_thread_blocked, id=17216, stack(0x000000005f740000,0x000000005f840000)]
  0x000000000d90f000 JavaThread "http-nio-8099-exec-7" daemon [_thread_blocked, id=16988, stack(0x0000000060e40000,0x0000000060f40000)]
  0x000000000d90e800 JavaThread "http-nio-8099-exec-6" daemon [_thread_blocked, id=12628, stack(0x0000000060c80000,0x0000000060d80000)]
  0x000000000d90d800 JavaThread "http-nio-8099-exec-5" daemon [_thread_blocked, id=8612, stack(0x000000005fa50000,0x000000005fb50000)]
  0x000000000d90d000 JavaThread "http-nio-8099-exec-4" daemon [_thread_blocked, id=12428, stack(0x000000005f850000,0x000000005f950000)]
  0x000000000d90c000 JavaThread "http-nio-8099-exec-3" daemon [_thread_blocked, id=16716, stack(0x000000005f600000,0x000000005f700000)]
  0x000000000d90b800 JavaThread "http-nio-8099-exec-2" daemon [_thread_blocked, id=15072, stack(0x000000005f470000,0x000000005f570000)]
  0x000000000d90a800 JavaThread "http-nio-8099-exec-1" daemon [_thread_blocked, id=15776, stack(0x000000005e440000,0x000000005e540000)]
  0x000000000d90a000 JavaThread "NioBlockingSelector.BlockPoller-1" daemon [_thread_in_native, id=16596, stack(0x000000005f360000,0x000000005f460000)]
  0x000000000d908800 JavaThread "logback-3" daemon [_thread_blocked, id=8400, stack(0x000000005f060000,0x000000005f160000)]
  0x000000000d6d9800 JavaThread "container-0" [_thread_blocked, id=8628, stack(0x000000005e740000,0x000000005e840000)]
  0x000000000d6c8800 JavaThread "ContainerBackgroundProcessor[StandardEngine[Tomcat]]" daemon [_thread_blocked, id=16876, stack(0x000000005e5a0000,0x000000005e6a0000)]
  0x000000000d3de800 JavaThread "logback-2" daemon [_thread_blocked, id=16808, stack(0x000000000e720000,0x000000000e820000)]
  0x000000000d2bd000 JavaThread "logback-1" daemon [_thread_blocked, id=4040, stack(0x000000000b2f0000,0x000000000b3f0000)]
  0x000000000c2e9000 JavaThread "RMI TCP Accept-0" daemon [_thread_in_native, id=8424, stack(0x000000000c9b0000,0x000000000cab0000)]
  0x000000000c2dc800 JavaThread "RMI TCP Accept-14007" daemon [_thread_in_native, id=17176, stack(0x000000000c880000,0x000000000c980000)]
  0x000000000c2c8000 JavaThread "RMI TCP Accept-0" daemon [_thread_in_native, id=13856, stack(0x000000000c6b0000,0x000000000c7b0000)]
  0x00000000097db800 JavaThread "Service Thread" daemon [_thread_blocked, id=8496, stack(0x000000000bcb0000,0x000000000bdb0000)]
  0x000000000979a000 JavaThread "C1 CompilerThread3" daemon [_thread_blocked, id=16968, stack(0x000000000bad0000,0x000000000bbd0000)]
  0x0000000009797000 JavaThread "C2 CompilerThread2" daemon [_thread_blocked, id=11956, stack(0x000000000aca0000,0x000000000ada0000)]
  0x0000000009796000 JavaThread "C2 CompilerThread1" daemon [_thread_blocked, id=16668, stack(0x000000000b8b0000,0x000000000b9b0000)]
  0x000000000978a000 JavaThread "C2 CompilerThread0" daemon [_thread_blocked, id=16920, stack(0x000000000b6a0000,0x000000000b7a0000)]
  0x000000000977f000 JavaThread "JDWP Command Reader" daemon [_thread_in_native, id=4476, stack(0x000000000b7a0000,0x000000000b8a0000)]
  0x0000000009777800 JavaThread "JDWP Event Helper Thread" daemon [_thread_blocked, id=17232, stack(0x000000000b060000,0x000000000b160000)]
  0x000000000976b000 JavaThread "JDWP Transport Listener: dt_socket" daemon [_thread_blocked, id=16860, stack(0x000000000b550000,0x000000000b650000)]
  0x0000000009749800 JavaThread "Attach Listener" daemon [_thread_blocked, id=5008, stack(0x000000000ada0000,0x000000000aea0000)]
  0x0000000009748800 JavaThread "Signal Dispatcher" daemon [_thread_blocked, id=12324, stack(0x000000000aba0000,0x000000000aca0000)]
  0x0000000008576800 JavaThread "Finalizer" daemon [_thread_blocked, id=17152, stack(0x000000000aa30000,0x000000000ab30000)]
  0x000000000856f000 JavaThread "Reference Handler" daemon [_thread_blocked, id=14232, stack(0x000000000a650000,0x000000000a750000)]

Other Threads:
=>0x00000000096e2800 VMThread [stack: 0x000000000a7c0000,0x000000000a8c0000] [id=16620]
  0x000000000c2ef000 WatcherThread [stack: 0x000000000b9d0000,0x000000000bad0000] [id=16552]

VM state:at safepoint (normal execution)

VM Mutex/Monitor currently owned by a thread:  ([mutex/lock_event])
[0x000000000213dc10] Threads_lock - owner thread: 0x00000000096e2800

Heap:
 PSYoungGen      total 199680K, used 146945K [0x00000000d6d00000, 0x00000000e8100000, 0x0000000100000000)
  eden space 184832K, 73% used [0x00000000d6d00000,0x00000000df1540a8,0x00000000e2180000)
  from space 14848K, 77% used [0x00000000e2180000,0x00000000e2cac580,0x00000000e3000000)
  to   space 14848K, 0% used [0x00000000e7280000,0x00000000e7280000,0x00000000e8100000)
 ParOldGen       total 80384K, used 20605K [0x0000000084600000, 0x0000000089480000, 0x00000000d6d00000)
  object space 80384K, 25% used [0x0000000084600000,0x0000000085a1f770,0x0000000089480000)
 Metaspace       used 45943K, capacity 47984K, committed 48256K, reserved 1091584K
  class space    used 6117K, capacity 6512K, committed 6528K, reserved 1048576K

Card table byte_map: [0x00000000027e0000,0x0000000002bc0000] byte_map_base: 0x00000000023bd000

Marking Bits: (ParMarkBitMap*) 0x0000000070a90860
 Begin Bits: [0x00000000039d0000, 0x00000000058b8000)
 End Bits:   [0x00000000058b8000, 0x00000000077a0000)

Polling page: 0x0000000000110000

CodeCache: size=245760Kb used=9267Kb max_used=9348Kb free=236492Kb
 bounds [0x000000000f010000, 0x000000000f940000, 0x000000001e010000]
 total_blobs=4904 nmethods=4418 adapters=405
 compilation: enabled

Compilation events (10 events):
Event: 163.350 Thread 0x000000000979a000 4497       1       sun.nio.ch.WindowsSelectorImpl$SubSelector::processSelectedKeys (64 bytes)
Event: 163.351 Thread 0x000000000979a000 nmethod 4497 0x000000000f51b850 code [0x000000000f51b9c0, 0x000000000f51bb88]
Event: 180.793 Thread 0x000000000979a000 4498       1       java.util.TreeSet::add (22 bytes)
Event: 180.794 Thread 0x000000000979a000 nmethod 4498 0x000000000f51b510 code [0x000000000f51b680, 0x000000000f51b7e8]
Event: 180.794 Thread 0x000000000979a000 4499       1       java.util.TreeMap$KeySet::iterator (32 bytes)
Event: 180.794 Thread 0x000000000979a000 nmethod 4499 0x000000000f51ae50 code [0x000000000f51afe0, 0x000000000f51b2f8]
Event: 180.794 Thread 0x000000000979a000 4500       1       java.util.TreeMap::keyIterator (13 bytes)
Event: 180.794 Thread 0x000000000979a000 nmethod 4500 0x000000000f51a910 code [0x000000000f51aa60, 0x000000000f51ac50]
Event: 180.794 Thread 0x000000000979a000 4501       1       java.util.TreeMap$KeyIterator::<init> (12 bytes)
Event: 180.795 Thread 0x000000000979a000 nmethod 4501 0x000000000f5ff950 code [0x000000000f5ffaa0, 0x000000000f5ffc10]

GC Heap History (10 events):
Event: 9.256 GC heap before
{Heap before GC invocations=7 (full 1):
 PSYoungGen      total 68608K, used 68592K [0x00000000d6d00000, 0x00000000dea00000, 0x0000000100000000)
  eden space 63488K, 100% used [0x00000000d6d00000,0x00000000dab00000,0x00000000dab00000)
  from space 5120K, 99% used [0x00000000dab00000,0x00000000daffc2e0,0x00000000db000000)
  to   space 8704K, 0% used [0x00000000de180000,0x00000000de180000,0x00000000dea00000)
 ParOldGen       total 49152K, used 8060K [0x0000000084600000, 0x0000000087600000, 0x00000000d6d00000)
  object space 49152K, 16% used [0x0000000084600000,0x0000000084ddf3e0,0x0000000087600000)
 Metaspace       used 27397K, capacity 28436K, committed 28544K, reserved 1073152K
  class space    used 3638K, capacity 3872K, committed 3968K, reserved 1048576K
Event: 9.264 GC heap after
Heap after GC invocations=7 (full 1):
 PSYoungGen      total 117760K, used 8350K [0x00000000d6d00000, 0x00000000dea00000, 0x0000000100000000)
  eden space 109056K, 0% used [0x00000000d6d00000,0x00000000d6d00000,0x00000000dd780000)
  from space 8704K, 95% used [0x00000000de180000,0x00000000de9a7a38,0x00000000dea00000)
  to   space 9216K, 0% used [0x00000000dd800000,0x00000000dd800000,0x00000000de100000)
 ParOldGen       total 49152K, used 8068K [0x0000000084600000, 0x0000000087600000, 0x00000000d6d00000)
  object space 49152K, 16% used [0x0000000084600000,0x0000000084de13e0,0x0000000087600000)
 Metaspace       used 27397K, capacity 28436K, committed 28544K, reserved 1073152K
  class space    used 3638K, capacity 3872K, committed 3968K, reserved 1048576K
}
Event: 11.077 GC heap before
{Heap before GC invocations=8 (full 1):
 PSYoungGen      total 117760K, used 117406K [0x00000000d6d00000, 0x00000000dea00000, 0x0000000100000000)
  eden space 109056K, 100% used [0x00000000d6d00000,0x00000000dd780000,0x00000000dd780000)
  from space 8704K, 95% used [0x00000000de180000,0x00000000de9a7a38,0x00000000dea00000)
  to   space 9216K, 0% used [0x00000000dd800000,0x00000000dd800000,0x00000000de100000)
 ParOldGen       total 49152K, used 8068K [0x0000000084600000, 0x0000000087600000, 0x00000000d6d00000)
  object space 49152K, 16% used [0x0000000084600000,0x0000000084de13e0,0x0000000087600000)
 Metaspace       used 32579K, capacity 33990K, committed 34176K, reserved 1079296K
  class space    used 4351K, capacity 4621K, committed 4736K, reserved 1048576K
Event: 11.092 GC heap after
Heap after GC invocations=8 (full 1):
 PSYoungGen      total 118784K, used 9196K [0x00000000d6d00000, 0x00000000e3d80000, 0x0000000100000000)
  eden space 109568K, 0% used [0x00000000d6d00000,0x00000000d6d00000,0x00000000dd800000)
  from space 9216K, 99% used [0x00000000dd800000,0x00000000de0fb310,0x00000000de100000)
  to   space 13824K, 0% used [0x00000000e3000000,0x00000000e3000000,0x00000000e3d80000)
 ParOldGen       total 49152K, used 15267K [0x0000000084600000, 0x0000000087600000, 0x00000000d6d00000)
  object space 49152K, 31% used [0x0000000084600000,0x00000000854e8dd8,0x0000000087600000)
 Metaspace       used 32579K, capacity 33990K, committed 34176K, reserved 1079296K
  class space    used 4351K, capacity 4621K, committed 4736K, reserved 1048576K
}
Event: 11.576 GC heap before
{Heap before GC invocations=9 (full 1):
 PSYoungGen      total 118784K, used 35099K [0x00000000d6d00000, 0x00000000e3d80000, 0x0000000100000000)
  eden space 109568K, 23% used [0x00000000d6d00000,0x00000000d864b960,0x00000000dd800000)
  from space 9216K, 99% used [0x00000000dd800000,0x00000000de0fb310,0x00000000de100000)
  to   space 13824K, 0% used [0x00000000e3000000,0x00000000e3000000,0x00000000e3d80000)
 ParOldGen       total 49152K, used 15267K [0x0000000084600000, 0x0000000087600000, 0x00000000d6d00000)
  object space 49152K, 31% used [0x0000000084600000,0x00000000854e8dd8,0x0000000087600000)
 Metaspace       used 33991K, capacity 35422K, committed 35496K, reserved 1079296K
  class space    used 4513K, capacity 4841K, committed 4864K, reserved 1048576K
Event: 11.596 GC heap after
Heap after GC invocations=9 (full 1):
 PSYoungGen      total 198656K, used 11734K [0x00000000d6d00000, 0x00000000e4a80000, 0x0000000100000000)
  eden space 184832K, 0% used [0x00000000d6d00000,0x00000000d6d00000,0x00000000e2180000)
  from space 13824K, 84% used [0x00000000e3000000,0x00000000e3b75938,0x00000000e3d80000)
  to   space 14848K, 0% used [0x00000000e2180000,0x00000000e2180000,0x00000000e3000000)
 ParOldGen       total 49152K, used 15275K [0x0000000084600000, 0x0000000087600000, 0x00000000d6d00000)
  object space 49152K, 31% used [0x0000000084600000,0x00000000854eadd8,0x0000000087600000)
 Metaspace       used 33991K, capacity 35422K, committed 35496K, reserved 1079296K
  class space    used 4513K, capacity 4841K, committed 4864K, reserved 1048576K
}
Event: 11.596 GC heap before
{Heap before GC invocations=10 (full 2):
 PSYoungGen      total 198656K, used 11734K [0x00000000d6d00000, 0x00000000e4a80000, 0x0000000100000000)
  eden space 184832K, 0% used [0x00000000d6d00000,0x00000000d6d00000,0x00000000e2180000)
  from space 13824K, 84% used [0x00000000e3000000,0x00000000e3b75938,0x00000000e3d80000)
  to   space 14848K, 0% used [0x00000000e2180000,0x00000000e2180000,0x00000000e3000000)
 ParOldGen       total 49152K, used 15275K [0x0000000084600000, 0x0000000087600000, 0x00000000d6d00000)
  object space 49152K, 31% used [0x0000000084600000,0x00000000854eadd8,0x0000000087600000)
 Metaspace       used 33991K, capacity 35422K, committed 35496K, reserved 1079296K
  class space    used 4513K, capacity 4841K, committed 4864K, reserved 1048576K
Event: 11.673 GC heap after
Heap after GC invocations=10 (full 2):
 PSYoungGen      total 198656K, used 0K [0x00000000d6d00000, 0x00000000e4a80000, 0x0000000100000000)
  eden space 184832K, 0% used [0x00000000d6d00000,0x00000000d6d00000,0x00000000e2180000)
  from space 13824K, 0% used [0x00000000e3000000,0x00000000e3000000,0x00000000e3d80000)
  to   space 14848K, 0% used [0x00000000e2180000,0x00000000e2180000,0x00000000e3000000)
 ParOldGen       total 80384K, used 20597K [0x0000000084600000, 0x0000000089480000, 0x00000000d6d00000)
  object space 80384K, 25% used [0x0000000084600000,0x0000000085a1d770,0x0000000089480000)
 Metaspace       used 33991K, capacity 35422K, committed 35496K, reserved 1079296K
  class space    used 4513K, capacity 4841K, committed 4864K, reserved 1048576K
}
Event: 15.073 GC heap before
{Heap before GC invocations=11 (full 2):
 PSYoungGen      total 198656K, used 184832K [0x00000000d6d00000, 0x00000000e4a80000, 0x0000000100000000)
  eden space 184832K, 100% used [0x00000000d6d00000,0x00000000e2180000,0x00000000e2180000)
  from space 13824K, 0% used [0x00000000e3000000,0x00000000e3000000,0x00000000e3d80000)
  to   space 14848K, 0% used [0x00000000e2180000,0x00000000e2180000,0x00000000e3000000)
 ParOldGen       total 80384K, used 20597K [0x0000000084600000, 0x0000000089480000, 0x00000000d6d00000)
  object space 80384K, 25% used [0x0000000084600000,0x0000000085a1d770,0x0000000089480000)
 Metaspace       used 40589K, capacity 42286K, committed 42368K, reserved 1085440K
  class space    used 5352K, capacity 5705K, committed 5760K, reserved 1048576K
Event: 15.106 GC heap after
Heap after GC invocations=11 (full 2):
 PSYoungGen      total 199680K, used 11441K [0x00000000d6d00000, 0x00000000e8100000, 0x0000000100000000)
  eden space 184832K, 0% used [0x00000000d6d00000,0x00000000d6d00000,0x00000000e2180000)
  from space 14848K, 77% used [0x00000000e2180000,0x00000000e2cac580,0x00000000e3000000)
  to   space 14848K, 0% used [0x00000000e7280000,0x00000000e7280000,0x00000000e8100000)
 ParOldGen       total 80384K, used 20605K [0x0000000084600000, 0x0000000089480000, 0x00000000d6d00000)
  object space 80384K, 25% used [0x0000000084600000,0x0000000085a1f770,0x0000000089480000)
 Metaspace       used 40589K, capacity 42286K, committed 42368K, reserved 1085440K
  class space    used 5352K, capacity 5705K, committed 5760K, reserved 1048576K
}

Deoptimization events (0 events):
No events

Classes redefined (0 events):
No events

Internal exceptions (10 events):
Event: 132.579 Thread 0x000000000d90a800 Exception <a 'java/lang/ClassNotFoundException': org/thymeleaf/spring5/view/AbstractThymeleafViewCustomizer> (0x00000000dcae27e0) thrown at [C:\re\workspace\8-2-build-windows-amd64-cygwin\jdk8u152\9742\hotspot\src\share\vm\classfile\systemDictionary.cpp, 
Event: 132.579 Thread 0x000000000d90a800 Exception <a 'java/lang/ArrayIndexOutOfBoundsException'> (0x00000000dcae7a30) thrown at [C:\re\workspace\8-2-build-windows-amd64-cygwin\jdk8u152\9742\hotspot\src\share\vm\runtime\sharedRuntime.cpp, line 605]
Event: 132.579 Thread 0x000000000d90a800 Exception <a 'java/lang/ArrayIndexOutOfBoundsException'> (0x00000000dcae9930) thrown at [C:\re\workspace\8-2-build-windows-amd64-cygwin\jdk8u152\9742\hotspot\src\share\vm\runtime\sharedRuntime.cpp, line 605]
Event: 132.580 Thread 0x000000000d90a800 Exception <a 'java/lang/ClassNotFoundException': org/thymeleaf/spring5/view/ThymeleafViewCustomizer> (0x00000000dcb12928) thrown at [C:\re\workspace\8-2-build-windows-amd64-cygwin\jdk8u152\9742\hotspot\src\share\vm\classfile\systemDictionary.cpp, line 210
Event: 132.580 Thread 0x000000000d90a800 Exception <a 'java/lang/ArrayIndexOutOfBoundsException'> (0x00000000dcb154d8) thrown at [C:\re\workspace\8-2-build-windows-amd64-cygwin\jdk8u152\9742\hotspot\src\share\vm\runtime\sharedRuntime.cpp, line 605]
Event: 132.581 Thread 0x000000000d90a800 Exception <a 'java/lang/ClassNotFoundException': org/springframework/web/servlet/ViewCustomizer> (0x00000000dcb3b208) thrown at [C:\re\workspace\8-2-build-windows-amd64-cygwin\jdk8u152\9742\hotspot\src\share\vm\classfile\systemDictionary.cpp, line 210]
Event: 132.581 Thread 0x000000000d90a800 Exception <a 'java/lang/ArrayIndexOutOfBoundsException'> (0x00000000dcb3d400) thrown at [C:\re\workspace\8-2-build-windows-amd64-cygwin\jdk8u152\9742\hotspot\src\share\vm\runtime\sharedRuntime.cpp, line 605]
Event: 132.582 Thread 0x000000000d90a800 Exception <a 'java/lang/ClassNotFoundException': org/springframework/beans/factory/BeanNameAwareCustomizer> (0x00000000dcb5bd50) thrown at [C:\re\workspace\8-2-build-windows-amd64-cygwin\jdk8u152\9742\hotspot\src\share\vm\classfile\systemDictionary.cpp, l
Event: 132.583 Thread 0x000000000d90a800 Exception <a 'java/lang/ClassNotFoundException': org/springframework/web/context/ServletContextAwareCustomizer> (0x00000000dcb7bc08) thrown at [C:\re\workspace\8-2-build-windows-amd64-cygwin\jdk8u152\9742\hotspot\src\share\vm\classfile\systemDictionary.cp
Event: 132.584 Thread 0x000000000d90a800 Exception <a 'java/lang/ClassNotFoundException': org/springframework/context/ApplicationContextAwareCustomizer> (0x00000000dcb9bb20) thrown at [C:\re\workspace\8-2-build-windows-amd64-cygwin\jdk8u152\9742\hotspot\src\share\vm\classfile\systemDictionary.cp

Events (10 events):
Event: 144.656 Thread 0x000000000d910800 DEOPT UNPACKING pc=0x000000000f05787f sp=0x0000000060c2bdf0 mode 1
Event: 144.656 Thread 0x000000000d910800 DEOPT PACKING pc=0x000000000f1e9e2c sp=0x0000000060c2c160
Event: 144.656 Thread 0x000000000d910800 DEOPT UNPACKING pc=0x000000000f05787f sp=0x0000000060c2bf80 mode 1
Event: 144.659 Executing VM operation: RevokeBias
Event: 144.659 Executing VM operation: RevokeBias done
Event: 144.660 Thread 0x000000000979a000 flushing nmethod 0x000000000f720e10
Event: 144.660 Thread 0x000000000979a000 flushing nmethod 0x000000000f760c50
Event: 144.660 Thread 0x000000000979a000 flushing nmethod 0x000000000f7a9210
Event: 185.719 Thread 0x000000000d952800 Thread added: 0x000000000d952800
Event: 188.710 Executing VM operation: RedefineClasses


Dynamic libraries:
0x000000013fad0000 - 0x000000013fb07000 	D:\Java\jdk1.8.0_152\bin\javaw.exe
0x0000000077510000 - 0x00000000776ba000 	C:\Windows\SYSTEM32\ntdll.dll
0x00000000772f0000 - 0x000000007740f000 	C:\Windows\system32\kernel32.dll
0x000007fefd540000 - 0x000007fefd5aa000 	C:\Windows\system32\KERNELBASE.dll
0x000007fefdfa0000 - 0x000007fefe07b000 	C:\Windows\system32\ADVAPI32.dll
0x000007fefdcf0000 - 0x000007fefdd8f000 	C:\Windows\system32\msvcrt.dll
0x000007feff710000 - 0x000007feff72f000 	C:\Windows\SYSTEM32\sechost.dll
0x000007fefd980000 - 0x000007fefdaad000 	C:\Windows\system32\RPCRT4.dll
0x0000000077410000 - 0x000000007750a000 	C:\Windows\system32\USER32.dll
0x000007fefe400000 - 0x000007fefe467000 	C:\Windows\system32\GDI32.dll
0x000007fefdab0000 - 0x000007fefdabe000 	C:\Windows\system32\LPK.dll
0x000007feff310000 - 0x000007feff3da000 	C:\Windows\system32\USP10.dll
0x000007fefb620000 - 0x000007fefb814000 	C:\Windows\WinSxS\amd64_microsoft.windows.common-controls_6595b64144ccf1df_6.0.7601.18807_none_fa381d5f175bfb52\COMCTL32.dll
0x000007fefe0b0000 - 0x000007fefe121000 	C:\Windows\system32\SHLWAPI.dll
0x000007fefe080000 - 0x000007fefe0ae000 	C:\Windows\system32\IMM32.DLL
0x000007feff200000 - 0x000007feff309000 	C:\Windows\system32\MSCTF.dll
0x000007fefd120000 - 0x000007fefd151000 	C:\Windows\system32\nvinitx.dll
0x000007fefd110000 - 0x000007fefd11c000 	C:\Windows\system32\VERSION.dll
0x000000000f000000 - 0x000000000f006000 	C:\Program Files\NVIDIA Corporation\CoProcManager\detoured.dll
0x000007fef9910000 - 0x000007fef9941000 	C:\Program Files\NVIDIA Corporation\CoProcManager\nvd3d9wrapx.dll
0x000007fefd6c0000 - 0x000007fefd897000 	C:\Windows\system32\SETUPAPI.dll
0x000007fefd380000 - 0x000007fefd3b6000 	C:\Windows\system32\CFGMGR32.dll
0x000007fefd8a0000 - 0x000007fefd977000 	C:\Windows\system32\OLEAUT32.dll
0x000007fefdd90000 - 0x000007fefdf93000 	C:\Windows\system32\ole32.dll
0x000007fefd320000 - 0x000007fefd33a000 	C:\Windows\system32\DEVOBJ.dll
0x000007fef98e0000 - 0x000007fef9902000 	C:\Program Files\NVIDIA Corporation\CoProcManager\nvdxgiwrapx.dll
0x0000000066d00000 - 0x0000000066dd2000 	D:\Java\jdk1.8.0_152\jre\bin\msvcr100.dll
0x0000000070270000 - 0x0000000070b10000 	D:\Java\jdk1.8.0_152\jre\bin\server\jvm.dll
0x000007fef82a0000 - 0x000007fef82a9000 	C:\Windows\system32\WSOCK32.dll
0x000007feff730000 - 0x000007feff77d000 	C:\Windows\system32\WS2_32.dll
0x000007fefd690000 - 0x000007fefd698000 	C:\Windows\system32\NSI.dll
0x000007fefb530000 - 0x000007fefb56b000 	C:\Windows\system32\WINMM.dll
0x00000000776d0000 - 0x00000000776d7000 	C:\Windows\system32\PSAPI.DLL
0x00000000725a0000 - 0x00000000725af000 	D:\Java\jdk1.8.0_152\jre\bin\verify.dll
0x00000000698c0000 - 0x00000000698e9000 	D:\Java\jdk1.8.0_152\jre\bin\java.dll
0x0000000065e70000 - 0x0000000065ea5000 	D:\Java\jdk1.8.0_152\jre\bin\jdwp.dll
0x000000006c820000 - 0x000000006c828000 	D:\Java\jdk1.8.0_152\jre\bin\npt.dll
0x000000006a370000 - 0x000000006a386000 	D:\Java\jdk1.8.0_152\jre\bin\zip.dll
0x000007fefe470000 - 0x000007feff1f9000 	C:\Windows\system32\SHELL32.dll
0x000007fefd200000 - 0x000007fefd20f000 	C:\Windows\system32\profapi.dll
0x000000006a240000 - 0x000000006a249000 	D:\Java\jdk1.8.0_152\jre\bin\dt_socket.dll
0x000007fefbd00000 - 0x000007fefbd15000 	C:\Windows\system32\NLAapi.dll
0x000007fef7930000 - 0x000007fef7945000 	C:\Windows\system32\napinsp.dll
0x000007fef7900000 - 0x000007fef7919000 	C:\Windows\system32\pnrpnsp.dll
0x000007fefc950000 - 0x000007fefc9a5000 	C:\Windows\System32\mswsock.dll
0x000007fefc7d0000 - 0x000007fefc82b000 	C:\Windows\system32\DNSAPI.dll
0x000007fef77f0000 - 0x000007fef77fb000 	C:\Windows\System32\winrnr.dll
0x000007fef77e0000 - 0x000007fef77f0000 	C:\Windows\system32\wshbth.dll
0x000000006fc10000 - 0x000000006fc36000 	C:\Program Files\Bonjour\mdnsNSP.dll
0x000007fefbb40000 - 0x000007fefbb67000 	C:\Windows\system32\Iphlpapi.DLL
0x000007fefbb20000 - 0x000007fefbb2b000 	C:\Windows\system32\WINNSI.DLL
0x000007fefb090000 - 0x000007fefb0e3000 	C:\Windows\System32\fwpuclnt.dll
0x000007fef75e0000 - 0x000007fef75e8000 	C:\Windows\system32\rasadhlp.dll
0x000007fefc310000 - 0x000007fefc317000 	C:\Windows\System32\wshtcpip.dll
0x0000000069910000 - 0x000000006991d000 	D:\Java\jdk1.8.0_152\jre\bin\management.dll
0x00000000698a0000 - 0x00000000698ba000 	D:\Java\jdk1.8.0_152\jre\bin\net.dll
0x000007fefc940000 - 0x000007fefc947000 	C:\Windows\System32\wship6.dll
0x0000000066ce0000 - 0x0000000066cf1000 	D:\Java\jdk1.8.0_152\jre\bin\nio.dll
0x000007fefc9b0000 - 0x000007fefc9c7000 	C:\Windows\system32\CRYPTSP.dll
0x000007fefc6b0000 - 0x000007fefc6f7000 	C:\Windows\system32\rsaenh.dll
0x000007fefd2f0000 - 0x000007fefd30e000 	C:\Windows\system32\USERENV.dll
0x000007fefd040000 - 0x000007fefd04f000 	C:\Windows\system32\CRYPTBASE.dll
0x000007fefaf40000 - 0x000007fefaf51000 	C:\Windows\system32\dhcpcsvc6.DLL
0x000007fefaf60000 - 0x000007fefaf78000 	C:\Windows\system32\dhcpcsvc.DLL
0x000007fef9bb0000 - 0x000007fef9cd5000 	C:\Windows\system32\dbghelp.dll

VM Arguments:
jvm_args: -agentlib:jdwp=transport=dt_socket,suspend=y,address=localhost:14008 -Dcom.sun.management.jmxremote -Dcom.sun.management.jmxremote.port=14007 -Dcom.sun.management.jmxremote.authenticate=false -Dcom.sun.management.jmxremote.ssl=false -Djava.rmi.server.hostname=localhost -Dspring.liveBeansView.mbeanDomain -Dspring.application.admin.enabled=true -Xverify:none -XX:TieredStopAtLevel=1 -Dfile.encoding=UTF-8 
java_command: com.enze.ep.EpApplication --spring.output.ansi.enabled=always
java_class_path (initial): D:\Java\jdk1.8.0_152\jre\lib\resources.jar;D:\Java\jdk1.8.0_152\jre\lib\rt.jar;D:\Java\jdk1.8.0_152\jre\lib\jsse.jar;D:\Java\jdk1.8.0_152\jre\lib\jce.jar;D:\Java\jdk1.8.0_152\jre\lib\charsets.jar;D:\Java\jdk1.8.0_152\jre\lib\jfr.jar;D:\Java\jdk1.8.0_152\jre\lib\ext\access-bridge-64.jar;D:\Java\jdk1.8.0_152\jre\lib\ext\cldrdata.jar;D:\Java\jdk1.8.0_152\jre\lib\ext\dnsns.jar;D:\Java\jdk1.8.0_152\jre\lib\ext\jaccess.jar;D:\Java\jdk1.8.0_152\jre\lib\ext\jfxrt.jar;D:\Java\jdk1.8.0_152\jre\lib\ext\localedata.jar;D:\Java\jdk1.8.0_152\jre\lib\ext\nashorn.jar;D:\Java\jdk1.8.0_152\jre\lib\ext\sunec.jar;D:\Java\jdk1.8.0_152\jre\lib\ext\sunjce_provider.jar;D:\Java\jdk1.8.0_152\jre\lib\ext\sunmscapi.jar;D:\Java\jdk1.8.0_152\jre\lib\ext\sunpkcs11.jar;D:\Java\jdk1.8.0_152\jre\lib\ext\zipfs.jar;E:\Works\git\git_repository\ep\ep\target\classes;C:\Users\Administrator\.m2\repository\org\springframework\boot\spring-boot-starter\2.0.6.RELEASE\spring-boot-starter-2.0.6.RELEASE.jar;C:\Users\Administrator\.m2\repository\org\springframework\boot\spring-boot\2.0.6.RELEASE\spring-boot-2.0.6.RELEASE.jar;C:\Users\Administrator\.m2\repository\org\springframework\boot\spring-boot-autoconfigure\2.0.6.RELEASE\spring-boot-autoconfigure-2.0.6.RELEASE.jar;C:\Users\Administrator\.m2\repository\org\springframework\boot\spring-boot-starter-logging\2.0.6.RELEASE\spring-boot-starter-logging-2.0.6.RELEASE.jar;C:\Users\Administrator\.m2\repository\ch\qos\logback\logback-classic\1.2.3\logback-classic-1.2.3.jar;C:\Users\Administrator\.m2\repository\ch\qos\logback\logback-core\1.2.3\logback-core-1.2.3.jar;C:\Users\Administrator\.m2\repository\org\apache\logging\log4j\log4j-to-slf4j\2.10.0\log4j-to-slf4j-2.10.0.jar;C:\Users\Administrator\.m2\repository\org\apache\logging\log4j\log4j-api\2.10.0\log4j-api-2.10.0.jar;C:\Users\Administrator\.m2\repository\org\slf4j\jul-to-slf4j\1.7.25\jul-to-slf4j-1.7.25.jar;C:\Users\Administrator\.m2\repository\javax\annotation\javax.annotation-api\1.3.
Launcher Type: SUN_STANDARD

Environment Variables:
JAVA_HOME=D:\Java\jdk1.6.0_39
PATH=D:\Java\jdk1.8.0_152\jre\bin;C:\ProgramData\Oracle\Java\javapath;E:\Works\php\oracelEX\instantclient_12_1;D:\oracle11g\product\11.2.0\dbhome_1\bin;E:\Works\Maven\maven1\maven\bin;D:\oracle11g\client32\app\Administrator\product\11.2.0\client_1\bin;C:\Windows\system32;C:\Windows;C:\Windows\System32\Wbem;C:\Windows\System32\WindowsPowerShell\v1.0\;C:\Program Files (x86)\Microsoft SQL Server\100\Tools\Binn\;C:\Program Files\Microsoft SQL Server\100\Tools\Binn\;C:\Program Files\Microsoft SQL Server\100\DTS\Binn\;D:\Java\jdk1.6.0_39\bin;D:\Java\jdk1.6.0_39\jre\bin;C:\Program Files (x86)\Windows Kits\8.1\Windows Performance Toolkit\;C:\Program Files\Microsoft SQL Server\110\Tools\Binn\;D:\Program Files (x86)\VisualSVN\bin;C:\Program Files\TortoiseSVN\bin;C:\Program Files (x86)\Microsoft SQL Server\80\Tools\Binn\;C:\Program Files (x86)\Microsoft SQL Server\90\Tools\binn\;C:\Program Files (x86)\Microsoft SQL Server\90\DTS\Binn\;C:\Program Files (x86)\Microsoft SQL Server\90\Tools\Binn\VSShell\Common7\IDE\;C:\Program Files (x86)\Microsoft Visual Studio 8\Common7\IDE\PrivateAssemblies\;D:\ADT\adt-bundle-windows-x86-20140321\sdk\tools;D:\ADT\adt-bundle-windows-x86-20140321\sdk\platform-tools;D:\Program Files\mysql\bin;D:\Program Files\Tesseract-OCR;E:\Works\python\Python36\Scripts\;E:\Works\python\Python36\;E:\Works\php\AppServ\Apache24\bin;E:\Works\php\AppServ\Apache24\bin;E:\Works\php\AppServ\php5;E:\Works\php\AppServ\MySQL\bin;E:\Works\php\phpStudy\php\php-5.4.45;C:\ProgramData\ComposerSetup\bin;D:\Program Files\nodejs\;D:\Program Files\nodejs\node_global;D:\Program Files\TortoiseGit\bin;E:\Works\python\Python36\Scripts\;E:\Works\python\Python36\;E:\Works\php\AppServ\Apache24\bin;C:\Users\Administrator\AppData\Roaming\npm
USERNAME=Administrator
OS=Windows_NT
PROCESSOR_IDENTIFIER=Intel64 Family 6 Model 60 Stepping 3, GenuineIntel



---------------  S Y S T E M  ---------------

OS: Windows 7 , 64 bit Build 7601 (6.1.7601.23677)

CPU:total 8 (initial active 8) (4 cores per cpu, 2 threads per core) family 6 model 60 stepping 3, cmov, cx8, fxsr, mmx, sse, sse2, sse3, ssse3, sse4.1, sse4.2, popcnt, avx, avx2, aes, clmul, erms, lzcnt, ht, tsc, tscinvbit, bmi1, bmi2

Memory: 4k page, physical 8096228k(1062420k free), swap 16190596k(6911144k free)

vm_info: Java HotSpot(TM) 64-Bit Server VM (25.152-b16) for windows-amd64 JRE (1.8.0_152-b16), built on Sep 14 2017 02:29:36 by "java_re" with MS VC++ 10.0 (VS2010)

time: Mon Dec 10 11:21:24 2018
elapsed time: 188 seconds (0d 0h 3m 8s)

